<?xml version="1.0" encoding="UTF-8"?>
<!-- Generated by org.testng.reporters.JUnitReportReporter -->
<testsuite skipped="0" hostname="CHNSHL378953D" name="androidTests.ReferenceAppAndroidTest" tests="1" failures="0" timestamp="05 Dec 2019 06:31:38 GMT" time="66.002" errors="0">
  <testcase name="ReferenceAndroidAppTest" time="66.002" classname="androidTests.ReferenceAppAndroidTest"/>
</testsuite> <!-- androidTests.ReferenceAppAndroidTest -->
